<?xml version="1.0" encoding="UTF-8"?>
<!-- Generated by org.testng.reporters.JUnitReportReporter -->
<testsuite hostname="tshepang-tman" failures="1" tests="11" name="serviceRequest.postData" time="15.121" errors="0" timestamp="2021-12-30T09:54:44 SAST" skipped="0">
  <testcase classname="serviceRequest.postData" name="undefinedID" time="0.028"/>
  <system-out>
    <![CDATA[Undefined UUD - Given an invalid uuid v4 id id When a refund transaction is initiated the expected status code is 404 and the response fron the server is = 404]]>
  </system-out>
  <testcase classname="serviceRequest.postData" name="validUUIDv4_valid" time="3.051"/>
  <system-out>
    <![CDATA[validUUIDv4_valid - Given a valid uuid v4 id When a refund transaction is initiated the expected status code is 201 and the respose from the server is = 201]]>
  </system-out>
  <testcase classname="serviceRequest.postData" name="emptyString" time="0.035">
    <failure message="expected [400] but found [500]" type="java.lang.AssertionError">
      <![CDATA[java.lang.AssertionError: expected [400] but found [500]
at org.testng.Assert.fail(Assert.java:99)
at org.testng.Assert.failNotEquals(Assert.java:1037)
at org.testng.Assert.assertEqualsImpl(Assert.java:140)
at org.testng.Assert.assertEquals(Assert.java:122)
at org.testng.Assert.assertEquals(Assert.java:907)
at org.testng.Assert.assertEquals(Assert.java:917)
at serviceRequest.postData.emptyString(postData.java:120)
at java.base/jdk.internal.reflect.NativeMethodAccessorImpl.invoke0(Native Method)
at java.base/jdk.internal.reflect.NativeMethodAccessorImpl.invoke(NativeMethodAccessorImpl.java:62)
at java.base/jdk.internal.reflect.DelegatingMethodAccessorImpl.invoke(DelegatingMethodAccessorImpl.java:43)
at java.base/java.lang.reflect.Method.invoke(Method.java:566)
at org.testng.internal.MethodInvocationHelper.invokeMethod(MethodInvocationHelper.java:133)
at org.testng.internal.TestInvoker.invokeMethod(TestInvoker.java:598)
at org.testng.internal.TestInvoker.invokeTestMethod(TestInvoker.java:173)
at org.testng.internal.MethodRunner.runInSequence(MethodRunner.java:46)
at org.testng.internal.TestInvoker$MethodInvocationAgent.invoke(TestInvoker.java:824)
at org.testng.internal.TestInvoker.invokeTestMethods(TestInvoker.java:146)
at org.testng.internal.TestMethodWorker.invokeTestMethods(TestMethodWorker.java:146)
at org.testng.internal.TestMethodWorker.run(TestMethodWorker.java:128)
at java.base/java.util.ArrayList.forEach(ArrayList.java:1541)
at org.testng.TestRunner.privateRun(TestRunner.java:794)
at org.testng.TestRunner.run(TestRunner.java:596)
at org.testng.SuiteRunner.runTest(SuiteRunner.java:377)
at org.testng.SuiteRunner.runSequentially(SuiteRunner.java:371)
at org.testng.SuiteRunner.privateRun(SuiteRunner.java:332)
at org.testng.SuiteRunner.run(SuiteRunner.java:276)
at org.testng.SuiteRunnerWorker.runSuite(SuiteRunnerWorker.java:53)
at org.testng.SuiteRunnerWorker.run(SuiteRunnerWorker.java:96)
at org.testng.TestNG.runSuitesSequentially(TestNG.java:1212)
at org.testng.TestNG.runSuitesLocally(TestNG.java:1134)
at org.testng.TestNG.runSuites(TestNG.java:1063)
at org.testng.TestNG.run(TestNG.java:1031)
at org.testng.remote.AbstractRemoteTestNG.run(AbstractRemoteTestNG.java:115)
at org.testng.remote.RemoteTestNG.initAndRun(RemoteTestNG.java:251)
at org.testng.remote.RemoteTestNG.main(RemoteTestNG.java:77)
]]>
    </failure>
  </testcase> <!-- emptyString -->
  <system-out>
    <![CDATA[Empty String - Given an invalid uuid v4 id with NULL/Empty String When a refund transaction is initiated the expected status code is 400 and the response fron the server is = 500]]>
  </system-out>
  <testcase classname="serviceRequest.postData" name="nonHexagonal" time="0.024"/>
  <system-out>
    <![CDATA[Non Hexagonal - Given an invalid uuid v4 id with 'z' When a refund transaction is initiated the expected status code is 400 and the response fron the server is = 400]]>
  </system-out>
  <testcase classname="serviceRequest.postData" name="uuidWithoutDashes" time="0.024"/>
  <system-out>
    <![CDATA[UUID Without Dashes - Given an invalid uuid v4 id without Dashes When a refund transaction is initiated the expected status code is 400 and the response fron the server is = 400]]>
  </system-out>
  <testcase classname="serviceRequest.postData" name="nills" time="3.037"/>
  <system-out>
    <![CDATA[Long String - Given a valid uuid v4 id with only nills When a refund transaction is initiated the expected status code is 201 and the response fron the server is = 201]]>
  </system-out>
  <testcase classname="serviceRequest.postData" name="concurrentTransactions" time="1.054"/>
  <system-out/>
  <testcase classname="serviceRequest.postData" name="shortString" time="0.034"/>
  <system-out>
    <![CDATA[Short String - Given an invalid uuid v4 id with reduced length When a refund transaction is initiated the expected status code is 400 and the response fron the server is = 400]]>
  </system-out>
  <testcase classname="serviceRequest.postData" name="concurrentTransactions" time="3.054"/>
  <system-out>
    <![CDATA[Blocked Concurrent Transactions - Given a valid uuid v4 id When a refund transaction is initiated the expected status code is 423 and the respose from the server is = 423
Concurrent Transactions - Given a valid uuid v4 id When a refund transaction is initiated the expected status code is 201 and the respose from the server is = 423]]>
  </system-out>
  <testcase classname="serviceRequest.postData" name="longString" time="0.035"/>
  <system-out>
    <![CDATA[Long String - Given an invalid uuid v4 id with additional length When a refund transaction is initiated the expected status code is 400 and the response fron the server is = 400]]>
  </system-out>
  <testcase classname="serviceRequest.postData" name="alphabetsOnly" time="4.745"/>
  <system-out>
    <![CDATA[Long String - Given a valid uuid v4 id with alphabetes only When a refund transaction is initiated the expected status code is 201 and the response fron the server is = 201]]>
  </system-out>
</testsuite> <!-- serviceRequest.postData -->
